# JRE version: Java(TM) SE Runtime Environment (8.0_60-b27) (build 1.8.0_60-b27)
# Java VM: Java HotSpot(TM) 64-Bit Server VM (25.60-b23 mixed mode windows-amd64 compressed oops)
Heap:
 PSYoungGen      total 76288K, used 67138K [0x00000000eab00000, 0x00000000f2000000, 0x0000000100000000)
  eden space 65536K, 94% used [0x00000000eab00000,0x00000000ee7b3288,0x00000000eeb00000)
  from space 10752K, 46% used [0x00000000ef580000,0x00000000efa5d8f0,0x00000000f0000000)
  to   space 10752K, 0% used [0x00000000eeb00000,0x00000000eeb00000,0x00000000ef580000)
 ParOldGen       total 102912K, used 6505K [0x00000000c0000000, 0x00000000c6480000, 0x00000000eab00000)
  object space 102912K, 6% used [0x00000000c0000000,0x00000000c065a768,0x00000000c6480000)
 Metaspace       used 27799K, capacity 32506K, committed 32512K, reserved 1077248K
  class space    used 4308K, capacity 5117K, committed 5120K, reserved 1048576K
GC Heap History (10 events):
Event: 1.291 GC heap before
{Heap before GC invocations=1 (full 0):
 PSYoungGen      total 76288K, used 65536K [0x00000000eab00000, 0x00000000f0000000, 0x0000000100000000)
  eden space 65536K, 100% used [0x00000000eab00000,0x00000000eeb00000,0x00000000eeb00000)
  from space 10752K, 0% used [0x00000000ef580000,0x00000000ef580000,0x00000000f0000000)
  to   space 10752K, 0% used [0x00000000eeb00000,0x00000000eeb00000,0x00000000ef580000)
 ParOldGen       total 175104K, used 0K [0x00000000c0000000, 0x00000000cab00000, 0x00000000eab00000)
  object space 175104K, 0% used [0x00000000c0000000,0x00000000c0000000,0x00000000cab00000)
 Metaspace       used 12347K, capacity 13348K, committed 13440K, reserved 1060864K
  class space    used 1640K, capacity 1844K, committed 1920K, reserved 1048576K
Event: 1.305 GC heap after
Heap after GC invocations=1 (full 0):
 PSYoungGen      total 76288K, used 7153K [0x00000000eab00000, 0x00000000f0000000, 0x0000000100000000)
  eden space 65536K, 0% used [0x00000000eab00000,0x00000000eab00000,0x00000000eeb00000)
  from space 10752K, 66% used [0x00000000eeb00000,0x00000000ef1fc770,0x00000000ef580000)
  to   space 10752K, 0% used [0x00000000ef580000,0x00000000ef580000,0x00000000f0000000)
 ParOldGen       total 175104K, used 8K [0x00000000c0000000, 0x00000000cab00000, 0x00000000eab00000)
  object space 175104K, 0% used [0x00000000c0000000,0x00000000c0002000,0x00000000cab00000)
 Metaspace       used 12347K, capacity 13348K, committed 13440K, reserved 1060864K
  class space    used 1640K, capacity 1844K, committed 1920K, reserved 1048576K
}
Event: 1.860 GC heap before
{Heap before GC invocations=2 (full 0):
 PSYoungGen      total 76288K, used 72689K [0x00000000eab00000, 0x00000000f0000000, 0x0000000100000000)
  eden space 65536K, 100% used [0x00000000eab00000,0x00000000eeb00000,0x00000000eeb00000)
  from space 10752K, 66% used [0x00000000eeb00000,0x00000000ef1fc770,0x00000000ef580000)
  to   space 10752K, 0% used [0x00000000ef580000,0x00000000ef580000,0x00000000f0000000)
 ParOldGen       total 175104K, used 8K [0x00000000c0000000, 0x00000000cab00000, 0x00000000eab00000)
  object space 175104K, 0% used [0x00000000c0000000,0x00000000c0002000,0x00000000cab00000)
 Metaspace       used 16720K, capacity 18350K, committed 18560K, reserved 1064960K
  class space    used 2536K, capacity 2853K, committed 2944K, reserved 1048576K
Event: 1.866 GC heap after
Heap after GC invocations=2 (full 0):
 PSYoungGen      total 76288K, used 8225K [0x00000000eab00000, 0x00000000f0000000, 0x0000000100000000)
  eden space 65536K, 0% used [0x00000000eab00000,0x00000000eab00000,0x00000000eeb00000)
  from space 10752K, 76% used [0x00000000ef580000,0x00000000efd887c8,0x00000000f0000000)
  to   space 10752K, 0% used [0x00000000eeb00000,0x00000000eeb00000,0x00000000ef580000)
 ParOldGen       total 175104K, used 32K [0x00000000c0000000, 0x00000000cab00000, 0x00000000eab00000)
  object space 175104K, 0% used [0x00000000c0000000,0x00000000c0008000,0x00000000cab00000)
 Metaspace       used 16720K, capacity 18350K, committed 18560K, reserved 1064960K
  class space    used 2536K, capacity 2853K, committed 2944K, reserved 1048576K
}
Event: 2.138 GC heap before
{Heap before GC invocations=3 (full 0):
 PSYoungGen      total 76288K, used 37945K [0x00000000eab00000, 0x00000000f0000000, 0x0000000100000000)
  eden space 65536K, 45% used [0x00000000eab00000,0x00000000ec805cf8,0x00000000eeb00000)
  from space 10752K, 76% used [0x00000000ef580000,0x00000000efd887c8,0x00000000f0000000)
  to   space 10752K, 0% used [0x00000000eeb00000,0x00000000eeb00000,0x00000000ef580000)
 ParOldGen       total 175104K, used 32K [0x00000000c0000000, 0x00000000cab00000, 0x00000000eab00000)
  object space 175104K, 0% used [0x00000000c0000000,0x00000000c0008000,0x00000000cab00000)
 Metaspace       used 19532K, capacity 21238K, committed 21248K, reserved 1067008K
  class space    used 2999K, capacity 3327K, committed 3328K, reserved 1048576K
Event: 2.140 GC heap after
Heap after GC invocations=3 (full 0):
 PSYoungGen      total 76288K, used 6779K [0x00000000eab00000, 0x00000000f0000000, 0x0000000100000000)
  eden space 65536K, 0% used [0x00000000eab00000,0x00000000eab00000,0x00000000eeb00000)
  from space 10752K, 63% used [0x00000000eeb00000,0x00000000ef19ec00,0x00000000ef580000)
  to   space 10752K, 0% used [0x00000000ef580000,0x00000000ef580000,0x00000000f0000000)
 ParOldGen       total 175104K, used 40K [0x00000000c0000000, 0x00000000cab00000, 0x00000000eab00000)
  object space 175104K, 0% used [0x00000000c0000000,0x00000000c000a000,0x00000000cab00000)
 Metaspace       used 19532K, capacity 21238K, committed 21248K, reserved 1067008K
  class space    used 2999K, capacity 3327K, committed 3328K, reserved 1048576K
}
Event: 2.141 GC heap before
{Heap before GC invocations=4 (full 1):
 PSYoungGen      total 76288K, used 6779K [0x00000000eab00000, 0x00000000f0000000, 0x0000000100000000)
  eden space 65536K, 0% used [0x00000000eab00000,0x00000000eab00000,0x00000000eeb00000)
  from space 10752K, 63% used [0x00000000eeb00000,0x00000000ef19ec00,0x00000000ef580000)
  to   space 10752K, 0% used [0x00000000ef580000,0x00000000ef580000,0x00000000f0000000)
 ParOldGen       total 175104K, used 40K [0x00000000c0000000, 0x00000000cab00000, 0x00000000eab00000)
  object space 175104K, 0% used [0x00000000c0000000,0x00000000c000a000,0x00000000cab00000)
 Metaspace       used 19532K, capacity 21238K, committed 21248K, reserved 1067008K
  class space    used 2999K, capacity 3327K, committed 3328K, reserved 1048576K
Event: 2.159 GC heap after
Heap after GC invocations=4 (full 1):
 PSYoungGen      total 76288K, used 0K [0x00000000eab00000, 0x00000000f0000000, 0x0000000100000000)
  eden space 65536K, 0% used [0x00000000eab00000,0x00000000eab00000,0x00000000eeb00000)
  from space 10752K, 0% used [0x00000000eeb00000,0x00000000eeb00000,0x00000000ef580000)
  to   space 10752K, 0% used [0x00000000ef580000,0x00000000ef580000,0x00000000f0000000)
 ParOldGen       total 102912K, used 6497K [0x00000000c0000000, 0x00000000c6480000, 0x00000000eab00000)
  object space 102912K, 6% used [0x00000000c0000000,0x00000000c0658768,0x00000000c6480000)
 Metaspace       used 19224K, capacity 20410K, committed 21248K, reserved 1067008K
  class space    used 2900K, capacity 3157K, committed 3328K, reserved 1048576K
}
Event: 2.922 GC heap before
{Heap before GC invocations=5 (full 1):
 PSYoungGen      total 76288K, used 65536K [0x00000000eab00000, 0x00000000f0000000, 0x0000000100000000)
  eden space 65536K, 100% used [0x00000000eab00000,0x00000000eeb00000,0x00000000eeb00000)
  from space 10752K, 0% used [0x00000000eeb00000,0x00000000eeb00000,0x00000000ef580000)
  to   space 10752K, 0% used [0x00000000ef580000,0x00000000ef580000,0x00000000f0000000)
 ParOldGen       total 102912K, used 6497K [0x00000000c0000000, 0x00000000c6480000, 0x00000000eab00000)
  object space 102912K, 6% used [0x00000000c0000000,0x00000000c0658768,0x00000000c6480000)
 Metaspace       used 26600K, capacity 30686K, committed 30720K, reserved 1075200K
  class space    used 4130K, capacity 4855K, committed 4864K, reserved 1048576K
Event: 2.925 GC heap after
Heap after GC invocations=5 (full 1):
 PSYoungGen      total 76288K, used 4982K [0x00000000eab00000, 0x00000000f2000000, 0x0000000100000000)
  eden space 65536K, 0% used [0x00000000eab00000,0x00000000eab00000,0x00000000eeb00000)
  from space 10752K, 46% used [0x00000000ef580000,0x00000000efa5d8f0,0x00000000f0000000)
  to   space 10752K, 0% used [0x00000000eeb00000,0x00000000eeb00000,0x00000000ef580000)
 ParOldGen       total 102912K, used 6505K [0x00000000c0000000, 0x00000000c6480000, 0x00000000eab00000)
  object space 102912K, 6% used [0x00000000c0000000,0x00000000c065a768,0x00000000c6480000)
 Metaspace       used 26600K, capacity 30686K, committed 30720K, reserved 1075200K
  class space    used 4130K, capacity 4855K, committed 4864K, reserved 1048576K
}

