# JRE version: Java(TM) SE Runtime Environment (8.0_60-b27) (build 1.8.0_60-b27)
# Java VM: Java HotSpot(TM) 64-Bit Server VM (25.60-b23 mixed mode windows-amd64 compressed oops)
Heap:
 PSYoungGen      total 76288K, used 43084K [0x00000000eab00000, 0x00000000f0000000, 0x0000000100000000)
  eden space 65536K, 64% used [0x00000000eab00000,0x00000000ed47b338,0x00000000eeb00000)
  from space 10752K, 5% used [0x00000000ef580000,0x00000000ef618000,0x00000000f0000000)
  to   space 10752K, 0% used [0x00000000eeb00000,0x00000000eeb00000,0x00000000ef580000)
 ParOldGen       total 105472K, used 9201K [0x00000000c0000000, 0x00000000c6700000, 0x00000000eab00000)
  object space 105472K, 8% used [0x00000000c0000000,0x00000000c08fc5a8,0x00000000c6700000)
 Metaspace       used 27891K, capacity 32718K, committed 32896K, reserved 1077248K
  class space    used 4350K, capacity 5195K, committed 5248K, reserved 1048576K
GC Heap History (10 events):
Event: 2.685 GC heap before
{Heap before GC invocations=5 (full 1):
 PSYoungGen      total 76288K, used 65536K [0x00000000eab00000, 0x00000000f0000000, 0x0000000100000000)
  eden space 65536K, 100% used [0x00000000eab00000,0x00000000eeb00000,0x00000000eeb00000)
  from space 10752K, 0% used [0x00000000eeb00000,0x00000000eeb00000,0x00000000ef580000)
  to   space 10752K, 0% used [0x00000000ef580000,0x00000000ef580000,0x00000000f0000000)
 ParOldGen       total 105472K, used 6482K [0x00000000c0000000, 0x00000000c6700000, 0x00000000eab00000)
  object space 105472K, 6% used [0x00000000c0000000,0x00000000c0654888,0x00000000c6700000)
 Metaspace       used 26848K, capacity 31104K, committed 31360K, reserved 1075200K
  class space    used 4182K, capacity 4934K, committed 4992K, reserved 1048576K
Event: 2.689 GC heap after
Heap after GC invocations=5 (full 1):
 PSYoungGen      total 76288K, used 4882K [0x00000000eab00000, 0x00000000f0000000, 0x0000000100000000)
  eden space 65536K, 0% used [0x00000000eab00000,0x00000000eab00000,0x00000000eeb00000)
  from space 10752K, 45% used [0x00000000ef580000,0x00000000efa44950,0x00000000f0000000)
  to   space 10752K, 0% used [0x00000000eeb00000,0x00000000eeb00000,0x00000000ef580000)
 ParOldGen       total 105472K, used 6490K [0x00000000c0000000, 0x00000000c6700000, 0x00000000eab00000)
  object space 105472K, 6% used [0x00000000c0000000,0x00000000c0656888,0x00000000c6700000)
 Metaspace       used 26848K, capacity 31104K, committed 31360K, reserved 1075200K
  class space    used 4182K, capacity 4934K, committed 4992K, reserved 1048576K
}
Event: 2.872 GC heap before
{Heap before GC invocations=6 (full 1):
 PSYoungGen      total 76288K, used 70418K [0x00000000eab00000, 0x00000000f0000000, 0x0000000100000000)
  eden space 65536K, 100% used [0x00000000eab00000,0x00000000eeb00000,0x00000000eeb00000)
  from space 10752K, 45% used [0x00000000ef580000,0x00000000efa44950,0x00000000f0000000)
  to   space 10752K, 0% used [0x00000000eeb00000,0x00000000eeb00000,0x00000000ef580000)
 ParOldGen       total 105472K, used 6490K [0x00000000c0000000, 0x00000000c6700000, 0x00000000eab00000)
  object space 105472K, 6% used [0x00000000c0000000,0x00000000c0656888,0x00000000c6700000)
 Metaspace       used 27862K, capacity 32616K, committed 32896K, reserved 1077248K
  class space    used 4348K, capacity 5192K, committed 5248K, reserved 1048576K
Event: 2.875 GC heap after
Heap after GC invocations=6 (full 1):
 PSYoungGen      total 76288K, used 3524K [0x00000000eab00000, 0x00000000f0000000, 0x0000000100000000)
  eden space 65536K, 0% used [0x00000000eab00000,0x00000000eab00000,0x00000000eeb00000)
  from space 10752K, 32% used [0x00000000eeb00000,0x00000000eee71050,0x00000000ef580000)
  to   space 10752K, 0% used [0x00000000ef580000,0x00000000ef580000,0x00000000f0000000)
 ParOldGen       total 105472K, used 6498K [0x00000000c0000000, 0x00000000c6700000, 0x00000000eab00000)
  object space 105472K, 6% used [0x00000000c0000000,0x00000000c0658888,0x00000000c6700000)
 Metaspace       used 27862K, capacity 32616K, committed 32896K, reserved 1077248K
  class space    used 4348K, capacity 5192K, committed 5248K, reserved 1048576K
}
Event: 2.937 GC heap before
{Heap before GC invocations=7 (full 1):
 PSYoungGen      total 76288K, used 69060K [0x00000000eab00000, 0x00000000f0000000, 0x0000000100000000)
  eden space 65536K, 100% used [0x00000000eab00000,0x00000000eeb00000,0x00000000eeb00000)
  from space 10752K, 32% used [0x00000000eeb00000,0x00000000eee71050,0x00000000ef580000)
  to   space 10752K, 0% used [0x00000000ef580000,0x00000000ef580000,0x00000000f0000000)
 ParOldGen       total 105472K, used 6498K [0x00000000c0000000, 0x00000000c6700000, 0x00000000eab00000)
  object space 105472K, 6% used [0x00000000c0000000,0x00000000c0658888,0x00000000c6700000)
 Metaspace       used 27891K, capacity 32718K, committed 32896K, reserved 1077248K
  class space    used 4350K, capacity 5195K, committed 5248K, reserved 1048576K
Event: 2.940 GC heap after
Heap after GC invocations=7 (full 1):
 PSYoungGen      total 76288K, used 3328K [0x00000000eab00000, 0x00000000f0000000, 0x0000000100000000)
  eden space 65536K, 0% used [0x00000000eab00000,0x00000000eab00000,0x00000000eeb00000)
  from space 10752K, 30% used [0x00000000ef580000,0x00000000ef8c0070,0x00000000f0000000)
  to   space 10752K, 0% used [0x00000000eeb00000,0x00000000eeb00000,0x00000000ef580000)
 ParOldGen       total 105472K, used 6506K [0x00000000c0000000, 0x00000000c6700000, 0x00000000eab00000)
  object space 105472K, 6% used [0x00000000c0000000,0x00000000c065a888,0x00000000c6700000)
 Metaspace       used 27891K, capacity 32718K, committed 32896K, reserved 1077248K
  class space    used 4350K, capacity 5195K, committed 5248K, reserved 1048576K
}
Event: 3.008 GC heap before
{Heap before GC invocations=8 (full 1):
 PSYoungGen      total 76288K, used 68864K [0x00000000eab00000, 0x00000000f0000000, 0x0000000100000000)
  eden space 65536K, 100% used [0x00000000eab00000,0x00000000eeb00000,0x00000000eeb00000)
  from space 10752K, 30% used [0x00000000ef580000,0x00000000ef8c0070,0x00000000f0000000)
  to   space 10752K, 0% used [0x00000000eeb00000,0x00000000eeb00000,0x00000000ef580000)
 ParOldGen       total 105472K, used 6506K [0x00000000c0000000, 0x00000000c6700000, 0x00000000eab00000)
  object space 105472K, 6% used [0x00000000c0000000,0x00000000c065a888,0x00000000c6700000)
 Metaspace       used 27891K, capacity 32718K, committed 32896K, reserved 1077248K
  class space    used 4350K, capacity 5195K, committed 5248K, reserved 1048576K
Event: 3.011 GC heap after
Heap after GC invocations=8 (full 1):
 PSYoungGen      total 76288K, used 3300K [0x00000000eab00000, 0x00000000f0000000, 0x0000000100000000)
  eden space 65536K, 0% used [0x00000000eab00000,0x00000000eab00000,0x00000000eeb00000)
  from space 10752K, 30% used [0x00000000eeb00000,0x00000000eee39070,0x00000000ef580000)
  to   space 10752K, 0% used [0x00000000ef580000,0x00000000ef580000,0x00000000f0000000)
 ParOldGen       total 105472K, used 6514K [0x00000000c0000000, 0x00000000c6700000, 0x00000000eab00000)
  object space 105472K, 6% used [0x00000000c0000000,0x00000000c065c888,0x00000000c6700000)
 Metaspace       used 27891K, capacity 32718K, committed 32896K, reserved 1077248K
  class space    used 4350K, capacity 5195K, committed 5248K, reserved 1048576K
}
Event: 3.077 GC heap before
{Heap before GC invocations=9 (full 1):
 PSYoungGen      total 76288K, used 68836K [0x00000000eab00000, 0x00000000f0000000, 0x0000000100000000)
  eden space 65536K, 100% used [0x00000000eab00000,0x00000000eeb00000,0x00000000eeb00000)
  from space 10752K, 30% used [0x00000000eeb00000,0x00000000eee39070,0x00000000ef580000)
  to   space 10752K, 0% used [0x00000000ef580000,0x00000000ef580000,0x00000000f0000000)
 ParOldGen       total 105472K, used 6514K [0x00000000c0000000, 0x00000000c6700000, 0x00000000eab00000)
  object space 105472K, 6% used [0x00000000c0000000,0x00000000c065c888,0x00000000c6700000)
 Metaspace       used 27891K, capacity 32718K, committed 32896K, reserved 1077248K
  class space    used 4350K, capacity 5195K, committed 5248K, reserved 1048576K
Event: 3.080 GC heap after
Heap after GC invocations=9 (full 1):
 PSYoungGen      total 76288K, used 608K [0x00000000eab00000, 0x00000000f0000000, 0x0000000100000000)
  eden space 65536K, 0% used [0x00000000eab00000,0x00000000eab00000,0x00000000eeb00000)
  from space 10752K, 5% used [0x00000000ef580000,0x00000000ef618000,0x00000000f0000000)
  to   space 10752K, 0% used [0x00000000eeb00000,0x00000000eeb00000,0x00000000ef580000)
 ParOldGen       total 105472K, used 9201K [0x00000000c0000000, 0x00000000c6700000, 0x00000000eab00000)
  object space 105472K, 8% used [0x00000000c0000000,0x00000000c08fc5a8,0x00000000c6700000)
 Metaspace       used 27891K, capacity 32718K, committed 32896K, reserved 1077248K
  class space    used 4350K, capacity 5195K, committed 5248K, reserved 1048576K
}

