# JRE version: Java(TM) SE Runtime Environment (8.0_231-b11) (build 1.8.0_231-b11)
# Java VM: Java HotSpot(TM) 64-Bit Server VM (25.231-b11 mixed mode windows-amd64 compressed oops)
Heap:
 PSYoungGen      total 164352K, used 142021K [0x00000000eab00000, 0x00000000f5c80000, 0x0000000100000000)
  eden space 154624K, 89% used [0x00000000eab00000,0x00000000f3245528,0x00000000f4200000)
  from space 9728K, 36% used [0x00000000f4b80000,0x00000000f4eec070,0x00000000f5500000)
  to   space 9728K, 0% used [0x00000000f4200000,0x00000000f4200000,0x00000000f4b80000)
 ParOldGen       total 111616K, used 6146K [0x00000000c0000000, 0x00000000c6d00000, 0x00000000eab00000)
  object space 111616K, 5% used [0x00000000c0000000,0x00000000c0600898,0x00000000c6d00000)
 Metaspace       used 28251K, capacity 33110K, committed 33200K, reserved 1077248K
  class space    used 4392K, capacity 5259K, committed 5296K, reserved 1048576K
GC Heap History (10 events):
Event: 2.828 GC heap before
{Heap before GC invocations=5 (full 1):
 PSYoungGen      total 76288K, used 65536K [0x00000000eab00000, 0x00000000f0000000, 0x0000000100000000)
  eden space 65536K, 100% used [0x00000000eab00000,0x00000000eeb00000,0x00000000eeb00000)
  from space 10752K, 0% used [0x00000000eeb00000,0x00000000eeb00000,0x00000000ef580000)
  to   space 10752K, 0% used [0x00000000ef580000,0x00000000ef580000,0x00000000f0000000)
 ParOldGen       total 111616K, used 6106K [0x00000000c0000000, 0x00000000c6d00000, 0x00000000eab00000)
  object space 111616K, 5% used [0x00000000c0000000,0x00000000c05f6898,0x00000000c6d00000)
 Metaspace       used 26834K, capacity 31068K, committed 31408K, reserved 1075200K
  class space    used 4190K, capacity 4942K, committed 5040K, reserved 1048576K
Event: 2.833 GC heap after
Heap after GC invocations=5 (full 1):
 PSYoungGen      total 76288K, used 5094K [0x00000000eab00000, 0x00000000f1800000, 0x0000000100000000)
  eden space 65536K, 0% used [0x00000000eab00000,0x00000000eab00000,0x00000000eeb00000)
  from space 10752K, 47% used [0x00000000ef580000,0x00000000efa79888,0x00000000f0000000)
  to   space 10752K, 0% used [0x00000000eeb00000,0x00000000eeb00000,0x00000000ef580000)
 ParOldGen       total 111616K, used 6114K [0x00000000c0000000, 0x00000000c6d00000, 0x00000000eab00000)
  object space 111616K, 5% used [0x00000000c0000000,0x00000000c05f8898,0x00000000c6d00000)
 Metaspace       used 26834K, capacity 31068K, committed 31408K, reserved 1075200K
  class space    used 4190K, capacity 4942K, committed 5040K, reserved 1048576K
}
Event: 3.018 GC heap before
{Heap before GC invocations=6 (full 1):
 PSYoungGen      total 76288K, used 70630K [0x00000000eab00000, 0x00000000f1800000, 0x0000000100000000)
  eden space 65536K, 100% used [0x00000000eab00000,0x00000000eeb00000,0x00000000eeb00000)
  from space 10752K, 47% used [0x00000000ef580000,0x00000000efa79888,0x00000000f0000000)
  to   space 10752K, 0% used [0x00000000eeb00000,0x00000000eeb00000,0x00000000ef580000)
 ParOldGen       total 111616K, used 6114K [0x00000000c0000000, 0x00000000c6d00000, 0x00000000eab00000)
  object space 111616K, 5% used [0x00000000c0000000,0x00000000c05f8898,0x00000000c6d00000)
 Metaspace       used 28152K, capacity 32998K, committed 33200K, reserved 1077248K
  class space    used 4389K, capacity 5255K, committed 5296K, reserved 1048576K
Event: 3.022 GC heap after
Heap after GC invocations=6 (full 1):
 PSYoungGen      total 76288K, used 3753K [0x00000000eab00000, 0x00000000f1b80000, 0x0000000100000000)
  eden space 65536K, 0% used [0x00000000eab00000,0x00000000eab00000,0x00000000eeb00000)
  from space 10752K, 34% used [0x00000000eeb00000,0x00000000eeeaa6c8,0x00000000ef580000)
  to   space 9728K, 0% used [0x00000000f1200000,0x00000000f1200000,0x00000000f1b80000)
 ParOldGen       total 111616K, used 6122K [0x00000000c0000000, 0x00000000c6d00000, 0x00000000eab00000)
  object space 111616K, 5% used [0x00000000c0000000,0x00000000c05fa898,0x00000000c6d00000)
 Metaspace       used 28152K, capacity 32998K, committed 33200K, reserved 1077248K
  class space    used 4389K, capacity 5255K, committed 5296K, reserved 1048576K
}
Event: 3.091 GC heap before
{Heap before GC invocations=7 (full 1):
 PSYoungGen      total 76288K, used 69289K [0x00000000eab00000, 0x00000000f1b80000, 0x0000000100000000)
  eden space 65536K, 100% used [0x00000000eab00000,0x00000000eeb00000,0x00000000eeb00000)
  from space 10752K, 34% used [0x00000000eeb00000,0x00000000eeeaa6c8,0x00000000ef580000)
  to   space 9728K, 0% used [0x00000000f1200000,0x00000000f1200000,0x00000000f1b80000)
 ParOldGen       total 111616K, used 6122K [0x00000000c0000000, 0x00000000c6d00000, 0x00000000eab00000)
  object space 111616K, 5% used [0x00000000c0000000,0x00000000c05fa898,0x00000000c6d00000)
 Metaspace       used 28251K, capacity 33110K, committed 33200K, reserved 1077248K
  class space    used 4392K, capacity 5259K, committed 5296K, reserved 1048576K
Event: 3.095 GC heap after
Heap after GC invocations=7 (full 1):
 PSYoungGen      total 105472K, used 3524K [0x00000000eab00000, 0x00000000f2580000, 0x0000000100000000)
  eden space 95744K, 0% used [0x00000000eab00000,0x00000000eab00000,0x00000000f0880000)
  from space 9728K, 36% used [0x00000000f1200000,0x00000000f1571080,0x00000000f1b80000)
  to   space 9728K, 0% used [0x00000000f0880000,0x00000000f0880000,0x00000000f1200000)
 ParOldGen       total 111616K, used 6130K [0x00000000c0000000, 0x00000000c6d00000, 0x00000000eab00000)
  object space 111616K, 5% used [0x00000000c0000000,0x00000000c05fc898,0x00000000c6d00000)
 Metaspace       used 28251K, capacity 33110K, committed 33200K, reserved 1077248K
  class space    used 4392K, capacity 5259K, committed 5296K, reserved 1048576K
}
Event: 3.224 GC heap before
{Heap before GC invocations=8 (full 1):
 PSYoungGen      total 105472K, used 99268K [0x00000000eab00000, 0x00000000f2580000, 0x0000000100000000)
  eden space 95744K, 100% used [0x00000000eab00000,0x00000000f0880000,0x00000000f0880000)
  from space 9728K, 36% used [0x00000000f1200000,0x00000000f1571080,0x00000000f1b80000)
  to   space 9728K, 0% used [0x00000000f0880000,0x00000000f0880000,0x00000000f1200000)
 ParOldGen       total 111616K, used 6130K [0x00000000c0000000, 0x00000000c6d00000, 0x00000000eab00000)
  object space 111616K, 5% used [0x00000000c0000000,0x00000000c05fc898,0x00000000c6d00000)
 Metaspace       used 28251K, capacity 33110K, committed 33200K, reserved 1077248K
  class space    used 4392K, capacity 5259K, committed 5296K, reserved 1048576K
Event: 3.227 GC heap after
Heap after GC invocations=8 (full 1):
 PSYoungGen      total 105472K, used 3536K [0x00000000eab00000, 0x00000000f5500000, 0x0000000100000000)
  eden space 95744K, 0% used [0x00000000eab00000,0x00000000eab00000,0x00000000f0880000)
  from space 9728K, 36% used [0x00000000f0880000,0x00000000f0bf4070,0x00000000f1200000)
  to   space 9728K, 0% used [0x00000000f4b80000,0x00000000f4b80000,0x00000000f5500000)
 ParOldGen       total 111616K, used 6138K [0x00000000c0000000, 0x00000000c6d00000, 0x00000000eab00000)
  object space 111616K, 5% used [0x00000000c0000000,0x00000000c05fe898,0x00000000c6d00000)
 Metaspace       used 28251K, capacity 33110K, committed 33200K, reserved 1077248K
  class space    used 4392K, capacity 5259K, committed 5296K, reserved 1048576K
}
Event: 3.274 GC heap before
{Heap before GC invocations=9 (full 1):
 PSYoungGen      total 105472K, used 99280K [0x00000000eab00000, 0x00000000f5500000, 0x0000000100000000)
  eden space 95744K, 100% used [0x00000000eab00000,0x00000000f0880000,0x00000000f0880000)
  from space 9728K, 36% used [0x00000000f0880000,0x00000000f0bf4070,0x00000000f1200000)
  to   space 9728K, 0% used [0x00000000f4b80000,0x00000000f4b80000,0x00000000f5500000)
 ParOldGen       total 111616K, used 6138K [0x00000000c0000000, 0x00000000c6d00000, 0x00000000eab00000)
  object space 111616K, 5% used [0x00000000c0000000,0x00000000c05fe898,0x00000000c6d00000)
 Metaspace       used 28251K, capacity 33110K, committed 33200K, reserved 1077248K
  class space    used 4392K, capacity 5259K, committed 5296K, reserved 1048576K
Event: 3.277 GC heap after
Heap after GC invocations=9 (full 1):
 PSYoungGen      total 164352K, used 3504K [0x00000000eab00000, 0x00000000f5c80000, 0x0000000100000000)
  eden space 154624K, 0% used [0x00000000eab00000,0x00000000eab00000,0x00000000f4200000)
  from space 9728K, 36% used [0x00000000f4b80000,0x00000000f4eec070,0x00000000f5500000)
  to   space 9728K, 0% used [0x00000000f4200000,0x00000000f4200000,0x00000000f4b80000)
 ParOldGen       total 111616K, used 6146K [0x00000000c0000000, 0x00000000c6d00000, 0x00000000eab00000)
  object space 111616K, 5% used [0x00000000c0000000,0x00000000c0600898,0x00000000c6d00000)
 Metaspace       used 28251K, capacity 33110K, committed 33200K, reserved 1077248K
  class space    used 4392K, capacity 5259K, committed 5296K, reserved 1048576K
}

